2023-10-03 19:59:16,202 - basicLogger - DEBUG - Stored event marketOrder request with a trace id of 4081c195-71a4-46c4-98e1-60517568efd41696388354
2023-10-03 20:02:04,227 - basicLogger - DEBUG - Stored event addStockToList request with a trace id of 3e81ce52-9ea6-4bbc-b59b-7f46deae06181696388522
2023-10-03 20:03:43,393 - basicLogger - DEBUG - Stored event marketOrder request with a trace id of 700227e0-e2e7-45c5-bab5-18d0e6db025e1696388621
2023-10-03 20:03:43,408 - basicLogger - DEBUG - Stored event marketOrder request with a trace id of a440035a-929f-437c-8dcb-f6977acde3271696388621
2023-10-03 20:03:43,424 - basicLogger - DEBUG - Stored event marketOrder request with a trace id of c8c80df3-4a6d-412d-9949-acd87528c6051696388621
2023-10-03 20:03:43,424 - basicLogger - DEBUG - Stored event marketOrder request with a trace id of 4516e7d9-d522-4cc0-a0d5-4bb58c40d5b51696388621
2023-10-03 20:03:43,440 - basicLogger - DEBUG - Stored event marketOrder request with a trace id of 0347a5d5-5c80-4e4b-923a-6d1eb02cf90a1696388621
2023-10-03 20:03:43,455 - basicLogger - DEBUG - Stored event marketOrder request with a trace id of 87196aac-42fb-4be7-ac2d-7f0da8f125ab1696388621
2023-10-03 20:03:43,471 - basicLogger - DEBUG - Stored event marketOrder request with a trace id of 67d8c1ae-bdf6-491e-aaa9-9af4d7ecfeb31696388621
2023-10-03 20:03:43,518 - basicLogger - DEBUG - Stored event marketOrder request with a trace id of 713d9ed1-44e7-44ff-85c7-eafe259d186d1696388621
2023-10-03 20:03:43,612 - basicLogger - DEBUG - Stored event marketOrder request with a trace id of fba9f097-4cd2-4073-8ed5-286eab2d2dfe1696388621
2023-10-03 20:03:43,690 - basicLogger - DEBUG - Stored event marketOrder request with a trace id of bba889fe-695b-48b5-a45e-83a59d2835ea1696388621
2023-10-03 20:03:45,483 - basicLogger - DEBUG - Stored event addStockToList request with a trace id of 0e126ee4-6572-4b8c-a709-b6cefca08ca01696388623
2023-10-03 20:03:45,545 - basicLogger - DEBUG - Stored event addStockToList request with a trace id of 1b0b699d-bc03-4860-83e8-06b27653e7081696388623
2023-10-03 20:03:45,545 - basicLogger - DEBUG - Stored event addStockToList request with a trace id of d6984b3d-f27e-4049-b3bf-23bfe589f5ed1696388623
2023-10-03 20:03:45,561 - basicLogger - DEBUG - Stored event addStockToList request with a trace id of 900f3693-9d45-48ff-9358-c1eaa9c7f2b41696388623
2023-10-03 20:03:45,577 - basicLogger - DEBUG - Stored event addStockToList request with a trace id of f8942faf-b505-4dce-bfca-61d9a73fd2ad1696388623
2023-10-03 20:03:45,592 - basicLogger - DEBUG - Stored event addStockToList request with a trace id of 7540e5d5-689a-4c30-a2b5-b3d8d6c204501696388623
2023-10-03 20:03:45,592 - basicLogger - DEBUG - Stored event addStockToList request with a trace id of 888050ca-889f-4b85-8830-78a234e9573e1696388623
2023-10-03 20:03:45,608 - basicLogger - DEBUG - Stored event addStockToList request with a trace id of c8e1098c-8c3a-4ab0-a943-3de896a691e11696388623
2023-10-03 20:03:45,670 - basicLogger - DEBUG - Stored event addStockToList request with a trace id of 0b344c8c-cddc-4b55-89b8-1ff8f67028e81696388623
2023-10-03 20:03:45,733 - basicLogger - DEBUG - Stored event addStockToList request with a trace id of b384dcb6-31a3-4143-80a0-7fadd067c9501696388623
2023-10-03 20:03:47,522 - basicLogger - DEBUG - Stored event marketOrder request with a trace id of 4ffefaeb-c225-441e-98c6-77bd92b096bc1696388625
2023-10-03 20:03:47,631 - basicLogger - DEBUG - Stored event marketOrder request with a trace id of 97009cd5-d5f6-4f67-972e-61a84702b7931696388625
2023-10-03 20:03:47,647 - basicLogger - DEBUG - Stored event marketOrder request with a trace id of 7248dd30-95ef-4f87-be91-e8d8db9584471696388625
2023-10-03 20:03:47,647 - basicLogger - DEBUG - Stored event marketOrder request with a trace id of d9e6e3c2-6ef4-45ad-8334-06bf64394f6a1696388625
2023-10-03 20:03:47,678 - basicLogger - DEBUG - Stored event marketOrder request with a trace id of ad21d56f-fca8-4e2f-a936-b2c111171c711696388625
2023-10-03 20:03:47,678 - basicLogger - DEBUG - Stored event marketOrder request with a trace id of 36793266-16ed-4ff0-9f27-4e94b09f67eb1696388625
2023-10-03 20:03:47,693 - basicLogger - DEBUG - Stored event marketOrder request with a trace id of d73c9aa5-1cb1-452d-a040-39352abd23551696388625
2023-10-03 20:03:47,709 - basicLogger - DEBUG - Stored event marketOrder request with a trace id of ffec5f47-2907-4fd3-8e4d-ef065fb59d5e1696388625
2023-10-03 20:03:47,740 - basicLogger - DEBUG - Stored event marketOrder request with a trace id of 952fcf7b-c482-4a5c-a097-d21f29a5a7ac1696388625
2023-10-03 20:03:47,787 - basicLogger - DEBUG - Stored event marketOrder request with a trace id of 50826e0e-ba06-4fe6-ad27-ad207db6fe7d1696388625
2023-10-03 20:03:49,591 - basicLogger - DEBUG - Stored event addStockToList request with a trace id of b932f316-3425-45db-ac31-b7f707ff64951696388627
2023-10-03 20:03:49,701 - basicLogger - DEBUG - Stored event addStockToList request with a trace id of 5443e2f8-ee0c-4124-a996-09182f6236981696388627
2023-10-03 20:03:49,716 - basicLogger - DEBUG - Stored event addStockToList request with a trace id of 5942e974-403c-489b-90ee-e8226abeba071696388627
2023-10-03 20:03:49,716 - basicLogger - DEBUG - Stored event addStockToList request with a trace id of 559d7fd5-c16e-4130-9289-b5d1bb7540471696388627
2023-10-03 20:03:49,763 - basicLogger - DEBUG - Stored event addStockToList request with a trace id of 0c9491ca-9cd9-4e20-b55e-783433295e131696388627
2023-10-03 20:03:49,763 - basicLogger - DEBUG - Stored event addStockToList request with a trace id of cfa3413e-67b5-4b20-bbcf-91d5944a9a351696388627
2023-10-03 20:03:49,763 - basicLogger - DEBUG - Stored event addStockToList request with a trace id of c1cca9de-7326-4979-b421-35b9db3a8c851696388627
2023-10-03 20:03:49,779 - basicLogger - DEBUG - Stored event addStockToList request with a trace id of e344192e-ac47-41ba-ad89-761e963a00101696388627
2023-10-03 20:03:49,794 - basicLogger - DEBUG - Stored event addStockToList request with a trace id of 405ef15a-ee83-42e4-ad76-0539e229bc5f1696388627
2023-10-03 20:03:49,841 - basicLogger - DEBUG - Stored event addStockToList request with a trace id of 56119cfa-e500-48e2-baf7-f34fce86ca441696388627
2023-10-03 20:03:51,692 - basicLogger - DEBUG - Stored event marketOrder request with a trace id of 2d046717-380e-4cf0-a855-b2198cc389a11696388629
2023-10-03 20:03:51,817 - basicLogger - DEBUG - Stored event marketOrder request with a trace id of 4d06f2fb-52d6-4a0b-ac40-6a1f91b41fd81696388629
2023-10-03 20:03:51,832 - basicLogger - DEBUG - Stored event marketOrder request with a trace id of dab8ca0a-6c1b-48cb-a5f8-69ba2d09be0d1696388629
2023-10-03 20:03:51,832 - basicLogger - DEBUG - Stored event marketOrder request with a trace id of f0190bd5-739e-4f60-a1ec-651d495988f81696388629
2023-10-03 20:03:51,879 - basicLogger - DEBUG - Stored event marketOrder request with a trace id of c848ef0c-75cd-4655-a9f2-b479bc662be51696388629
2023-10-03 20:03:51,895 - basicLogger - DEBUG - Stored event marketOrder request with a trace id of af131f4d-e5e6-4bff-9abb-53f9a3befc1d1696388629
2023-10-03 20:03:51,895 - basicLogger - DEBUG - Stored event marketOrder request with a trace id of 49df040f-f0b4-4ab5-a7a3-41a6aed9fb421696388629
2023-10-03 20:03:51,895 - basicLogger - DEBUG - Stored event marketOrder request with a trace id of 2c3f92bb-c188-4177-9751-196d5b6f87a11696388629
2023-10-03 20:03:51,910 - basicLogger - DEBUG - Stored event marketOrder request with a trace id of 40534c65-8f1f-488d-831b-1465819265541696388629
2023-10-03 20:03:51,926 - basicLogger - DEBUG - Stored event marketOrder request with a trace id of bf019a0d-eff2-4c1b-a9db-5192e13abe381696388629
2023-10-03 20:03:53,879 - basicLogger - DEBUG - Stored event addStockToList request with a trace id of 1414ff51-541b-4b73-a8d1-d18ff371ddce1696388631
2023-10-03 20:03:54,035 - basicLogger - DEBUG - Stored event addStockToList request with a trace id of 2323557a-49d6-4df3-a501-a43dd8102e9a1696388631
2023-10-03 20:03:54,067 - basicLogger - DEBUG - Stored event addStockToList request with a trace id of 39c7fa06-706f-41a2-9c1c-da30a85d0e3b1696388631
2023-10-03 20:03:54,067 - basicLogger - DEBUG - Stored event addStockToList request with a trace id of ae87bc58-345a-4d0b-ae62-f63e09c2949f1696388631
2023-10-03 20:03:54,067 - basicLogger - DEBUG - Stored event addStockToList request with a trace id of 750d7fc6-9483-4936-a7a5-0097216b74151696388631
2023-10-03 20:03:54,082 - basicLogger - DEBUG - Stored event addStockToList request with a trace id of 8beb8195-9ca4-4a1b-98a9-1d979121e3481696388631
2023-10-03 20:03:54,082 - basicLogger - DEBUG - Stored event addStockToList request with a trace id of d9ce0a2d-870d-48f2-a283-ff02300b35031696388631
2023-10-03 20:03:54,098 - basicLogger - DEBUG - Stored event addStockToList request with a trace id of b5853959-fdc0-4ebb-ab16-47ed602304d31696388631
2023-10-03 20:03:54,114 - basicLogger - DEBUG - Stored event addStockToList request with a trace id of f3e9b68e-ed23-4405-b1ca-12cc999cb85b1696388631
2023-10-03 20:03:54,114 - basicLogger - DEBUG - Stored event addStockToList request with a trace id of 8bbb6533-6417-498d-bb35-2013ecf15b241696388631
2023-10-03 20:03:56,067 - basicLogger - DEBUG - Stored event marketOrder request with a trace id of 2123262e-f7f0-4194-865f-e138c0fda8321696388634
2023-10-03 20:03:56,145 - basicLogger - DEBUG - Stored event marketOrder request with a trace id of d17520ec-fae4-4a16-bef3-6998f1aa0c9c1696388634
2023-10-03 20:03:56,192 - basicLogger - DEBUG - Stored event marketOrder request with a trace id of b4b16f5b-a2cf-4643-9552-6ace7066bae91696388634
2023-10-03 20:03:56,192 - basicLogger - DEBUG - Stored event marketOrder request with a trace id of 08df0c84-92cf-4a8c-a1ab-062fd0a517f41696388634
2023-10-03 20:03:56,223 - basicLogger - DEBUG - Stored event marketOrder request with a trace id of 577ba9a0-2ae6-45ce-b95e-8054d1acfd531696388634
2023-10-03 20:03:56,223 - basicLogger - DEBUG - Stored event marketOrder request with a trace id of fd1e82a0-25c8-47d2-aaa9-2f434d27ebe51696388634
2023-10-03 20:03:56,223 - basicLogger - DEBUG - Stored event marketOrder request with a trace id of e218ce02-d6f8-4c3b-80ba-56aea4e6cb271696388634
2023-10-03 20:03:56,239 - basicLogger - DEBUG - Stored event marketOrder request with a trace id of 6977f7a7-265d-402a-bdfc-0a92089a47f51696388634
2023-10-03 20:03:56,254 - basicLogger - DEBUG - Stored event marketOrder request with a trace id of 357896ad-247e-483f-8299-714098203da41696388634
2023-10-03 20:03:56,254 - basicLogger - DEBUG - Stored event marketOrder request with a trace id of 6dde1d55-827b-420e-96e0-887d214a5d681696388634
2023-10-03 20:03:58,129 - basicLogger - DEBUG - Stored event addStockToList request with a trace id of 0f998859-c77b-4f31-b158-30a980520a211696388636
2023-10-03 20:03:58,223 - basicLogger - DEBUG - Stored event addStockToList request with a trace id of 9617ffe2-ab2d-4183-84c9-ba28427853aa1696388636
2023-10-03 20:03:58,239 - basicLogger - DEBUG - Stored event addStockToList request with a trace id of 78abafb6-e83d-4ae6-bc15-c48ddc54482d1696388636
2023-10-03 20:03:58,254 - basicLogger - DEBUG - Stored event addStockToList request with a trace id of 0a0a57bd-e73e-4e74-884f-7eed9942412a1696388636
2023-10-03 20:03:58,317 - basicLogger - DEBUG - Stored event addStockToList request with a trace id of 3444b677-3485-4e32-8752-6fea78960d111696388636
2023-10-03 20:03:58,317 - basicLogger - DEBUG - Stored event addStockToList request with a trace id of a8000834-4bab-4c49-8fc9-14b9e08052921696388636
2023-10-03 20:03:58,317 - basicLogger - DEBUG - Stored event addStockToList request with a trace id of 6041738e-193f-460b-8344-96e552bf1f4c1696388636
2023-10-03 20:03:58,332 - basicLogger - DEBUG - Stored event addStockToList request with a trace id of 87b6fc5c-aa90-447d-a952-c7d4635c75061696388636
2023-10-03 20:03:58,332 - basicLogger - DEBUG - Stored event addStockToList request with a trace id of 4c472b5b-c697-4a36-b37c-0fa5096f9e501696388636
2023-10-03 20:03:58,332 - basicLogger - DEBUG - Stored event addStockToList request with a trace id of 6dfe5547-2b25-4892-a3fa-9e1664b7c0941696388636
2023-10-03 20:04:00,192 - basicLogger - DEBUG - Stored event marketOrder request with a trace id of 77af868e-60f6-4f8c-ba9e-4b963c23ec8c1696388638
2023-10-03 20:04:00,286 - basicLogger - DEBUG - Stored event marketOrder request with a trace id of 57b4207f-6ead-415b-89e1-271f2d836eb61696388638
2023-10-03 20:04:00,332 - basicLogger - DEBUG - Stored event marketOrder request with a trace id of 4423b8e2-2683-4b2a-8f7a-577107497fcb1696388638
2023-10-03 20:04:00,332 - basicLogger - DEBUG - Stored event marketOrder request with a trace id of a4358310-dd08-442c-a29c-fb38155ee06b1696388638
2023-10-03 20:04:00,379 - basicLogger - DEBUG - Stored event marketOrder request with a trace id of c5480e44-cd6e-4dfe-bd42-f7e4d0866b851696388638
2023-10-03 20:04:00,426 - basicLogger - DEBUG - Stored event marketOrder request with a trace id of 36bae8c9-046e-4fd9-a8bb-3174af9dafa41696388638
2023-10-03 20:04:00,426 - basicLogger - DEBUG - Stored event marketOrder request with a trace id of 0a78f2f6-66f6-4a45-9b71-e58a4258f8ff1696388638
2023-10-03 20:04:00,442 - basicLogger - DEBUG - Stored event marketOrder request with a trace id of 721dc3f4-e64a-4deb-ab7c-01f72ebc53351696388638
2023-10-03 20:04:00,442 - basicLogger - DEBUG - Stored event marketOrder request with a trace id of 4786450f-8125-4bee-ab35-523c72cbaccb1696388638
2023-10-03 20:04:00,442 - basicLogger - DEBUG - Stored event marketOrder request with a trace id of 5b71be02-3e9e-4a64-8d64-04a7ea32dc231696388638
2023-10-03 20:04:02,254 - basicLogger - DEBUG - Stored event addStockToList request with a trace id of 9c0684da-69b2-4926-8f18-18c33d020c621696388640
2023-10-03 20:04:02,379 - basicLogger - DEBUG - Stored event addStockToList request with a trace id of 2a6ed5d7-ccc1-4c1f-b1ff-593f4e51240d1696388640
2023-10-03 20:04:02,379 - basicLogger - DEBUG - Stored event addStockToList request with a trace id of 5633d873-862f-4a53-b5d9-e13a5390ff061696388640
2023-10-03 20:04:02,379 - basicLogger - DEBUG - Stored event addStockToList request with a trace id of 6d991390-4593-4499-8f32-ef38bcc40bb61696388640
2023-10-03 20:04:02,442 - basicLogger - DEBUG - Stored event addStockToList request with a trace id of 91f339f9-5617-46f4-9f60-2a8e14a4e2141696388640
2023-10-03 20:04:02,535 - basicLogger - DEBUG - Stored event addStockToList request with a trace id of b7d4eb90-4cf0-4de7-aee4-b58088fd6da71696388640
2023-10-03 20:04:02,535 - basicLogger - DEBUG - Stored event addStockToList request with a trace id of d1724af3-7f78-4a3f-9156-a4721a0d39be1696388640
2023-10-03 20:04:02,535 - basicLogger - DEBUG - Stored event addStockToList request with a trace id of a9420c5a-e157-4d92-bfbb-eb6c87019ae91696388640
2023-10-03 20:04:02,535 - basicLogger - DEBUG - Stored event addStockToList request with a trace id of 02a0fbd9-580b-4725-badd-4fda5c1bd53b1696388640
2023-10-03 20:04:02,535 - basicLogger - DEBUG - Stored event addStockToList request with a trace id of 3d20f89e-0187-424d-a237-2cdca8e32b8f1696388640
2023-10-03 20:04:04,333 - basicLogger - DEBUG - Stored event marketOrder request with a trace id of 8bb6442f-ef3d-416c-9228-f13c2e4906411696388642
2023-10-03 20:04:04,489 - basicLogger - DEBUG - Stored event marketOrder request with a trace id of c856e74f-144e-413f-846c-72b334a1a09f1696388642
2023-10-03 20:04:04,489 - basicLogger - DEBUG - Stored event marketOrder request with a trace id of 04ac753c-0bf6-42f5-b253-49f8ffef105c1696388642
2023-10-03 20:04:04,489 - basicLogger - DEBUG - Stored event marketOrder request with a trace id of ff1c0869-c309-4fef-95e1-e1035dc7e4e41696388642
2023-10-03 20:04:04,505 - basicLogger - DEBUG - Stored event marketOrder request with a trace id of 3b91e4fb-d491-4943-8c68-461ad4eb47491696388642
2023-10-03 20:04:04,630 - basicLogger - DEBUG - Stored event marketOrder request with a trace id of a9ede309-6af7-42cb-9438-6b78d3639c031696388642
2023-10-03 20:04:04,645 - basicLogger - DEBUG - Stored event marketOrder request with a trace id of efc76f0d-7e7b-44ca-b1d9-ef1538180ccb1696388642
2023-10-03 20:04:04,661 - basicLogger - DEBUG - Stored event marketOrder request with a trace id of 88b1fb67-bb04-4f17-b339-e72de585c38a1696388642
2023-10-03 20:04:04,661 - basicLogger - DEBUG - Stored event marketOrder request with a trace id of 1854c1df-4d06-4caa-a2d4-833489db6e0d1696388642
2023-10-03 20:04:04,661 - basicLogger - DEBUG - Stored event marketOrder request with a trace id of e528c514-5805-4754-8a6a-ef0bcb1aec911696388642
2023-10-03 20:04:06,394 - basicLogger - DEBUG - Stored event addStockToList request with a trace id of bfb6ad16-d280-44ac-8f13-f638a8f9d6091696388644
2023-10-03 20:04:06,550 - basicLogger - DEBUG - Stored event addStockToList request with a trace id of ac6221f9-2cbc-453e-80e2-19294bcc9aa71696388644
2023-10-03 20:04:06,566 - basicLogger - DEBUG - Stored event addStockToList request with a trace id of e7bfb32c-a7ab-45b6-8b55-b7755be175191696388644
2023-10-03 20:04:06,566 - basicLogger - DEBUG - Stored event addStockToList request with a trace id of 18dce953-33d9-489b-93ae-9a5bdebe06431696388644
2023-10-03 20:04:06,581 - basicLogger - DEBUG - Stored event addStockToList request with a trace id of 13a1176e-c68e-4b4c-9a58-61121e3c4bc61696388644
2023-10-03 20:04:06,691 - basicLogger - DEBUG - Stored event addStockToList request with a trace id of 5f67c90e-1e56-4600-ad85-547b96844d271696388644
2023-10-03 20:04:06,691 - basicLogger - DEBUG - Stored event addStockToList request with a trace id of c040ca84-d3b6-4a75-9cca-b0988da7d5691696388644
2023-10-03 20:04:06,753 - basicLogger - DEBUG - Stored event addStockToList request with a trace id of 46c0132e-eeff-4bb4-8256-db04f18081911696388644
2023-10-03 20:04:06,753 - basicLogger - DEBUG - Stored event addStockToList request with a trace id of aa52a13b-26d8-4bb8-8021-89383ab7df811696388644
2023-10-03 20:04:06,753 - basicLogger - DEBUG - Stored event addStockToList request with a trace id of 7805bf01-4613-488d-8c4c-88dc79a9af931696388644
2023-10-03 20:04:08,456 - basicLogger - DEBUG - Stored event marketOrder request with a trace id of ced67519-d94e-4ca5-9822-01b61cb442571696388646
2023-10-03 20:04:08,644 - basicLogger - DEBUG - Stored event marketOrder request with a trace id of 63b04ee0-0c5b-4464-b1af-92e7ea5cec001696388646
2023-10-03 20:04:08,644 - basicLogger - DEBUG - Stored event marketOrder request with a trace id of fc9d2f72-8499-4bff-9e4b-dd81c9a237871696388646
2023-10-03 20:04:08,660 - basicLogger - DEBUG - Stored event marketOrder request with a trace id of 49f52ef4-0856-4388-ac6d-b7a0c8ee01ff1696388646
2023-10-03 20:04:08,691 - basicLogger - DEBUG - Stored event marketOrder request with a trace id of 91a1d970-2e97-4732-8c8a-565d601132da1696388646
2023-10-03 20:04:08,738 - basicLogger - DEBUG - Stored event marketOrder request with a trace id of 69c37511-42c5-4c1e-b08c-457ea2d53f7e1696388646
2023-10-03 20:04:08,738 - basicLogger - DEBUG - Stored event marketOrder request with a trace id of 481a2a52-d67f-4d76-ad91-87cc368f49251696388646
2023-10-03 20:04:08,831 - basicLogger - DEBUG - Stored event marketOrder request with a trace id of eb124f5c-a543-48b3-924a-ae6ed352e73a1696388646
2023-10-03 20:04:08,831 - basicLogger - DEBUG - Stored event marketOrder request with a trace id of 54dedf16-0efa-48cc-bd50-e121a2013e061696388646
2023-10-03 20:04:08,847 - basicLogger - DEBUG - Stored event marketOrder request with a trace id of 2b28d904-4e19-454e-9446-af61f5cdc39f1696388646
2023-10-03 20:04:10,503 - basicLogger - DEBUG - Stored event addStockToList request with a trace id of 696f57c9-68f2-4138-92e9-db3a77d68ae21696388648
2023-10-03 20:04:10,753 - basicLogger - DEBUG - Stored event addStockToList request with a trace id of 22b4ace2-6c57-447a-a593-aefe2100d3491696388648
2023-10-03 20:04:10,753 - basicLogger - DEBUG - Stored event addStockToList request with a trace id of 905a3f9c-1208-479f-8700-0fde068acdba1696388648
2023-10-03 20:04:10,753 - basicLogger - DEBUG - Stored event addStockToList request with a trace id of a6baad72-4d8e-4515-894c-e48c807623f11696388648
2023-10-03 20:04:10,753 - basicLogger - DEBUG - Stored event addStockToList request with a trace id of 4967c3db-ee63-498f-8e80-a1f762dc251a1696388648
2023-10-03 20:04:10,816 - basicLogger - DEBUG - Stored event addStockToList request with a trace id of 003466eb-2c1a-4886-92ec-b3c23c8ef7541696388648
2023-10-03 20:04:10,831 - basicLogger - DEBUG - Stored event addStockToList request with a trace id of d9b57c9d-5fe1-458c-9f17-287797b598091696388648
2023-10-03 20:04:10,925 - basicLogger - DEBUG - Stored event addStockToList request with a trace id of 92105351-cd14-4a72-9ade-f111cccda28f1696388648
2023-10-03 20:04:10,925 - basicLogger - DEBUG - Stored event addStockToList request with a trace id of 4ff51821-8674-48d7-b128-42fc396b25a81696388648
2023-10-03 20:04:10,925 - basicLogger - DEBUG - Stored event addStockToList request with a trace id of 9299f909-5174-47f6-8b08-bf2781cd8beb1696388648
2023-10-03 20:04:12,595 - basicLogger - DEBUG - Stored event marketOrder request with a trace id of 878f7c0e-f52e-4cd2-b2ca-a8475b993b931696388650
2023-10-03 20:04:12,830 - basicLogger - DEBUG - Stored event marketOrder request with a trace id of 521a886c-60f8-4a5d-9110-e3fd177cd3ca1696388650
2023-10-03 20:04:12,830 - basicLogger - DEBUG - Stored event marketOrder request with a trace id of 26e144b7-9399-4e6d-8715-042d807d9c2a1696388650
2023-10-03 20:04:12,830 - basicLogger - DEBUG - Stored event marketOrder request with a trace id of 0bcf7a11-4cb4-4cd4-92fe-3bc5a3a8908a1696388650
2023-10-03 20:04:12,845 - basicLogger - DEBUG - Stored event marketOrder request with a trace id of a0fb0fae-76e7-4a96-83da-cb29ee63cfdd1696388650
2023-10-03 20:04:12,892 - basicLogger - DEBUG - Stored event marketOrder request with a trace id of e2697138-edad-4cce-8d6a-52638c7cefd51696388650
2023-10-03 20:04:12,892 - basicLogger - DEBUG - Stored event marketOrder request with a trace id of 1cb73010-189a-4c2c-bf9f-1faab122ac671696388650
2023-10-03 20:04:12,970 - basicLogger - DEBUG - Stored event marketOrder request with a trace id of 97d76043-fc81-4aad-93a1-e52595e6c9e11696388650
2023-10-03 20:04:12,970 - basicLogger - DEBUG - Stored event marketOrder request with a trace id of 4efe3d45-b9ad-443d-8a5f-698c7f425f9c1696388650
2023-10-03 20:04:12,986 - basicLogger - DEBUG - Stored event marketOrder request with a trace id of 3311df54-84e5-42dc-b233-6a6332ee98311696388650
2023-10-03 20:04:14,660 - basicLogger - DEBUG - Stored event addStockToList request with a trace id of 8d6da39e-b04f-40b6-b54a-4adc18d0c31e1696388652
2023-10-03 20:04:14,910 - basicLogger - DEBUG - Stored event addStockToList request with a trace id of 5d752a64-910a-400a-b423-fe394f7ef5981696388652
2023-10-03 20:04:14,910 - basicLogger - DEBUG - Stored event addStockToList request with a trace id of 87901d71-a9db-458b-a3c5-7e13aa61b0c11696388652
2023-10-03 20:04:14,926 - basicLogger - DEBUG - Stored event addStockToList request with a trace id of 64c3d9ec-2d0b-4368-9572-a05e7ef3544e1696388652
2023-10-03 20:04:14,926 - basicLogger - DEBUG - Stored event addStockToList request with a trace id of 3accf728-5a28-4c95-8960-bdc850bde0331696388652
2023-10-03 20:04:14,942 - basicLogger - DEBUG - Stored event addStockToList request with a trace id of 56371545-82f2-4441-80f5-e6ca60d1c2fd1696388652
2023-10-03 20:04:14,957 - basicLogger - DEBUG - Stored event addStockToList request with a trace id of 7b83f43a-72e7-4ddd-b4af-affef6e15c2a1696388652
2023-10-03 20:04:15,051 - basicLogger - DEBUG - Stored event addStockToList request with a trace id of ea304e7d-75e0-43b3-a2c6-221ab240c1a51696388652
2023-10-03 20:04:15,067 - basicLogger - DEBUG - Stored event addStockToList request with a trace id of 909ed2b0-87c4-48ca-bf28-b279835e67151696388653
2023-10-03 20:04:15,067 - basicLogger - DEBUG - Stored event addStockToList request with a trace id of 2a41cb79-70cc-4d88-ae63-27c804527cf91696388653
